#
# There is insufficient memory for the Java Runtime Environment to continue.
# Native memory allocation (mmap) failed to map 29360128 bytes. Error detail: G1 virtual space
# Possible reasons:
#   The system is out of physical RAM or swap space
#   This process is running with CompressedOops enabled, and the Java Heap may be blocking the growth of the native heap
# Possible solutions:
#   Reduce memory load on the system
#   Increase physical memory or swap space
#   Check if swap backing store is full
#   Decrease Java heap size (-Xmx/-Xms)
#   Decrease number of Java threads
#   Decrease Java thread stack sizes (-Xss)
#   Set larger code cache with -XX:ReservedCodeCacheSize=
#   JVM is running with Zero Based Compressed Oops mode in which the Java heap is
#     placed in the first 32GB address space. The Java Heap base address is the
#     maximum limit for the native heap growth. Please use -XX:HeapBaseMinAddress
#     to set the Java Heap base and to place the Java Heap above 32GB virtual address.
# This output file may be truncated or incomplete.
#
#  Out of Memory Error (os_windows.cpp:3616), pid=47756, tid=73800
#
# JRE version: OpenJDK Runtime Environment Corretto-21.0.4.7.1 (21.0.4+7) (build 21.0.4+7-LTS)
# Java VM: OpenJDK 64-Bit Server VM Corretto-21.0.4.7.1 (21.0.4+7-LTS, mixed mode, emulated-client, sharing, tiered, compressed oops, compressed class ptrs, g1 gc, windows-amd64)
# No core dump will be written. Minidumps are not enabled by default on client versions of Windows
#

---------------  S U M M A R Y ------------

Command Line: -XX:TieredStopAtLevel=1 com.tecnocampus.LS2.protube_back.ProtubeBackApplication

Host: Intel(R) Core(TM) i7-10870H CPU @ 2.20GHz, 16 cores, 31G,  Windows 11 , 64 bit Build 22621 (10.0.22621.4391)
Time: Fri Dec  6 12:58:58 2024 Hora estándar romance elapsed time: 5059.324109 seconds (0d 1h 24m 19s)

---------------  T H R E A D  ---------------

Current thread (0x00000187e0449430):  VMThread "VM Thread"          [id=73800, stack(0x0000005a55b00000,0x0000005a55c00000) (1024K)]

Stack: [0x0000005a55b00000,0x0000005a55c00000]
Native frames: (J=compiled Java code, j=interpreted, Vv=VM code, C=native code)
V  [jvm.dll+0x6d83d9]
V  [jvm.dll+0x8b39f3]
V  [jvm.dll+0x8b5d4e]
V  [jvm.dll+0x8b6433]
V  [jvm.dll+0x285816]
V  [jvm.dll+0x6d4b65]
V  [jvm.dll+0x6c929a]
V  [jvm.dll+0x35e2fb]
V  [jvm.dll+0x365ea6]
V  [jvm.dll+0x3b7e76]
V  [jvm.dll+0x3b8148]
V  [jvm.dll+0x331a3c]
V  [jvm.dll+0x331ac7]
V  [jvm.dll+0x3768ec]
V  [jvm.dll+0x37509e]
V  [jvm.dll+0x331191]
V  [jvm.dll+0x3747b0]
V  [jvm.dll+0x8bbfa8]
V  [jvm.dll+0x8bd324]
V  [jvm.dll+0x8bd860]
V  [jvm.dll+0x8bdaf3]
V  [jvm.dll+0x85c768]
V  [jvm.dll+0x6d6bdd]
C  [ucrtbase.dll+0x29333]
C  [KERNEL32.DLL+0x1259d]
C  [ntdll.dll+0x5af38]

VM_Operation (0x0000005a587fac20): G1CollectForAllocation, mode: safepoint, requested by thread 0x00000187e8eaab80


---------------  P R O C E S S  ---------------

Threads class SMR info:
_java_thread_list=0x00000187e333ea60, length=27, elements={
0x00000187e0464d30, 0x00000187e0465d00, 0x00000187e0470320, 0x00000187e0478080,
0x00000187e047a7e0, 0x00000187e0478710, 0x00000187e0488940, 0x00000187e0478da0,
0x00000187e0479ac0, 0x00000187e047a150, 0x00000187e0479430, 0x00000187e047ae70,
0x00000187e04779f0, 0x00000187e8ea8420, 0x00000187e8eab210, 0x00000187e8ea9140,
0x00000187e8eaa4f0, 0x00000187e8ea8ab0, 0x00000187e8ea4fa0, 0x00000187e8ea7d90,
0x00000187e8ea97d0, 0x00000187e8ea5630, 0x00000187e8eaab80, 0x00000187e8ea6350,
0x00000187e8ea69e0, 0x00000187e8ea4910, 0x00000187e3403ce0
}

Java Threads: ( => current thread )
  0x00000187e0464d30 JavaThread "Reference Handler"          daemon [_thread_blocked, id=66444, stack(0x0000005a55c00000,0x0000005a55d00000) (1024K)]
  0x00000187e0465d00 JavaThread "Finalizer"                  daemon [_thread_blocked, id=32648, stack(0x0000005a55d00000,0x0000005a55e00000) (1024K)]
  0x00000187e0470320 JavaThread "Signal Dispatcher"          daemon [_thread_blocked, id=19220, stack(0x0000005a55e00000,0x0000005a55f00000) (1024K)]
  0x00000187e0478080 JavaThread "Attach Listener"            daemon [_thread_blocked, id=27368, stack(0x0000005a55f00000,0x0000005a56000000) (1024K)]
  0x00000187e047a7e0 JavaThread "Service Thread"             daemon [_thread_blocked, id=52488, stack(0x0000005a56000000,0x0000005a56100000) (1024K)]
  0x00000187e0478710 JavaThread "Monitor Deflation Thread"   daemon [_thread_blocked, id=76096, stack(0x0000005a56100000,0x0000005a56200000) (1024K)]
  0x00000187e0488940 JavaThread "C1 CompilerThread0"         daemon [_thread_blocked, id=68616, stack(0x0000005a56200000,0x0000005a56300000) (1024K)]
  0x00000187e0478da0 JavaThread "Notification Thread"        daemon [_thread_blocked, id=67820, stack(0x0000005a56600000,0x0000005a56700000) (1024K)]
  0x00000187e0479ac0 JavaThread "Common-Cleaner"             daemon [_thread_blocked, id=40228, stack(0x0000005a56700000,0x0000005a56800000) (1024K)]
  0x00000187e047a150 JavaThread "HikariPool-1 housekeeper"   daemon [_thread_blocked, id=33088, stack(0x0000005a57900000,0x0000005a57a00000) (1024K)]
  0x00000187e0479430 JavaThread "Catalina-utility-1"                [_thread_blocked, id=8292, stack(0x0000005a57a00000,0x0000005a57b00000) (1024K)]
  0x00000187e047ae70 JavaThread "Catalina-utility-2"                [_thread_blocked, id=14012, stack(0x0000005a57b00000,0x0000005a57c00000) (1024K)]
  0x00000187e04779f0 JavaThread "container-0"                       [_thread_blocked, id=64612, stack(0x0000005a57c00000,0x0000005a57d00000) (1024K)]
  0x00000187e8ea8420 JavaThread "http-nio-8080-exec-1"       daemon [_thread_blocked, id=59012, stack(0x0000005a57e00000,0x0000005a57f00000) (1024K)]
  0x00000187e8eab210 JavaThread "http-nio-8080-exec-2"       daemon [_thread_blocked, id=65380, stack(0x0000005a57f00000,0x0000005a58000000) (1024K)]
  0x00000187e8ea9140 JavaThread "http-nio-8080-exec-3"       daemon [_thread_blocked, id=20264, stack(0x0000005a58000000,0x0000005a58100000) (1024K)]
  0x00000187e8eaa4f0 JavaThread "http-nio-8080-exec-4"       daemon [_thread_blocked, id=66176, stack(0x0000005a58100000,0x0000005a58200000) (1024K)]
  0x00000187e8ea8ab0 JavaThread "http-nio-8080-exec-5"       daemon [_thread_blocked, id=26032, stack(0x0000005a58200000,0x0000005a58300000) (1024K)]
  0x00000187e8ea4fa0 JavaThread "http-nio-8080-exec-6"       daemon [_thread_blocked, id=66588, stack(0x0000005a58300000,0x0000005a58400000) (1024K)]
  0x00000187e8ea7d90 JavaThread "http-nio-8080-exec-7"       daemon [_thread_blocked, id=41196, stack(0x0000005a58400000,0x0000005a58500000) (1024K)]
  0x00000187e8ea97d0 JavaThread "http-nio-8080-exec-8"       daemon [_thread_blocked, id=71376, stack(0x0000005a58500000,0x0000005a58600000) (1024K)]
  0x00000187e8ea5630 JavaThread "http-nio-8080-exec-9"       daemon [_thread_blocked, id=45784, stack(0x0000005a58600000,0x0000005a58700000) (1024K)]
  0x00000187e8eaab80 JavaThread "http-nio-8080-exec-10"      daemon [_thread_blocked, id=69412, stack(0x0000005a58700000,0x0000005a58800000) (1024K)]
  0x00000187e8ea6350 JavaThread "http-nio-8080-Poller"       daemon [_thread_in_native, id=73128, stack(0x0000005a58800000,0x0000005a58900000) (1024K)]
  0x00000187e8ea69e0 JavaThread "http-nio-8080-Acceptor"     daemon [_thread_in_native, id=59264, stack(0x0000005a58900000,0x0000005a58a00000) (1024K)]
  0x00000187e8ea4910 JavaThread "DestroyJavaVM"                     [_thread_blocked, id=71532, stack(0x0000005a55400000,0x0000005a55500000) (1024K)]
  0x00000187e3403ce0 JavaThread "C1 CompilerThread1"         daemon [_thread_blocked, id=13220, stack(0x0000005a55100000,0x0000005a55200000) (1024K)]
Total: 27

Other Threads:
=>0x00000187e0449430 VMThread "VM Thread"                           [id=73800, stack(0x0000005a55b00000,0x0000005a55c00000) (1024K)]
  0x00000187e0431300 WatcherThread "VM Periodic Task Thread"        [id=73604, stack(0x0000005a55a00000,0x0000005a55b00000) (1024K)]
  0x00000187ca60dd30 WorkerThread "GC Thread#0"                     [id=25272, stack(0x0000005a55500000,0x0000005a55600000) (1024K)]
  0x00000187e3e8f970 WorkerThread "GC Thread#1"                     [id=67360, stack(0x0000005a56800000,0x0000005a56900000) (1024K)]
  0x00000187e3e8fd10 WorkerThread "GC Thread#2"                     [id=62212, stack(0x0000005a56900000,0x0000005a56a00000) (1024K)]
  0x00000187e3e900b0 WorkerThread "GC Thread#3"                     [id=61856, stack(0x0000005a56a00000,0x0000005a56b00000) (1024K)]
  0x00000187e3e90450 WorkerThread "GC Thread#4"                     [id=46128, stack(0x0000005a56b00000,0x0000005a56c00000) (1024K)]
  0x00000187e3e907f0 WorkerThread "GC Thread#5"                     [id=38956, stack(0x0000005a56c00000,0x0000005a56d00000) (1024K)]
  0x00000187e3e90b90 WorkerThread "GC Thread#6"                     [id=14092, stack(0x0000005a56d00000,0x0000005a56e00000) (1024K)]
  0x00000187e3e0ac50 WorkerThread "GC Thread#7"                     [id=26188, stack(0x0000005a56e00000,0x0000005a56f00000) (1024K)]
  0x00000187e3e0aff0 WorkerThread "GC Thread#8"                     [id=74672, stack(0x0000005a56f00000,0x0000005a57000000) (1024K)]
  0x00000187e3e0b390 WorkerThread "GC Thread#9"                     [id=62648, stack(0x0000005a57000000,0x0000005a57100000) (1024K)]
  0x00000187e3eab150 WorkerThread "GC Thread#10"                    [id=71828, stack(0x0000005a57100000,0x0000005a57200000) (1024K)]
  0x00000187e3eac710 WorkerThread "GC Thread#11"                    [id=66076, stack(0x0000005a57200000,0x0000005a57300000) (1024K)]
  0x00000187e3eac370 WorkerThread "GC Thread#12"                    [id=17844, stack(0x0000005a57300000,0x0000005a57400000) (1024K)]
  0x00000187e02c0780 ConcurrentGCThread "G1 Main Marker"            [id=31688, stack(0x0000005a55600000,0x0000005a55700000) (1024K)]
  0x00000187e02c1930 WorkerThread "G1 Conc#0"                       [id=23112, stack(0x0000005a55700000,0x0000005a55800000) (1024K)]
  0x00000187e3eacab0 WorkerThread "G1 Conc#1"                       [id=63508, stack(0x0000005a57700000,0x0000005a57800000) (1024K)]
  0x00000187e3eab4f0 WorkerThread "G1 Conc#2"                       [id=28992, stack(0x0000005a57800000,0x0000005a57900000) (1024K)]
  0x00000187e03718a0 ConcurrentGCThread "G1 Refine#0"               [id=67992, stack(0x0000005a55800000,0x0000005a55900000) (1024K)]
  0x00000187e0372410 ConcurrentGCThread "G1 Service"                [id=15928, stack(0x0000005a55900000,0x0000005a55a00000) (1024K)]
Total: 21

Threads with active compile tasks:
Total: 0

VM state: at safepoint (normal execution)

VM Mutex/Monitor currently owned by a thread:  ([mutex/lock_event])
[0x00007ffea4d862a8] Threads_lock - owner thread: 0x00000187e0449430
[0x00007ffea4d863a8] Heap_lock - owner thread: 0x00000187e8eaab80

Heap address: 0x0000000602800000, size: 8152 MB, Compressed Oops mode: Zero based, Oop shift amount: 3

CDS archive(s) mapped at: [0x0000018780000000-0x0000018780c90000-0x0000018780c90000), size 13172736, SharedBaseAddress: 0x0000018780000000, ArchiveRelocationMode: 1.
Compressed class space mapped at: 0x0000018781000000-0x00000187c1000000, reserved size: 1073741824
Narrow klass base: 0x0000018780000000, Narrow klass shift: 0, Narrow klass range: 0x100000000

GC Precious Log:
 CardTable entry size: 512
 Card Set container configuration: InlinePtr #cards 4 size 8 Array Of Cards #cards 32 size 80 Howl #buckets 8 coarsen threshold 7372 Howl Bitmap #cards 1024 size 144 coarsen threshold 921 Card regions per heap region 1 cards per card region 8192
 CPUs: 16 total, 16 available
 Memory: 32603M
 Large Page Support: Disabled
 NUMA Support: Disabled
 Compressed Oops: Enabled (Zero based)
 Heap Region Size: 4M
 Heap Min Capacity: 8M
 Heap Initial Capacity: 512M
 Heap Max Capacity: 8152M
 Pre-touch: Disabled
 Parallel Workers: 13
 Concurrent Workers: 3
 Concurrent Refinement Workers: 13
 Periodic GC: Disabled

Heap:
 garbage-first heap   total 290816K, used 29922K [0x0000000602800000, 0x0000000800000000)
  region size 4096K, 2 young (8192K), 2 survivors (8192K)
 Metaspace       used 67747K, committed 68864K, reserved 1114112K
  class space    used 9665K, committed 10112K, reserved 1048576K

Heap Regions: E=young(eden), S=young(survivor), O=old, HS=humongous(starts), HC=humongous(continues), CS=collection set, F=free, TAMS=top-at-mark-start, PB=parsable bottom
|   0|0x0000000602800000, 0x0000000602c00000, 0x0000000602c00000|100%| O|  |TAMS 0x0000000602800000| PB 0x0000000602800000| Untracked 
|   1|0x0000000602c00000, 0x0000000602c00000, 0x0000000603000000|  0%| F|  |TAMS 0x0000000602c00000| PB 0x0000000602c00000| Untracked 
|   2|0x0000000603000000, 0x0000000603400000, 0x0000000603400000|100%| O|  |TAMS 0x0000000603000000| PB 0x0000000603000000| Untracked 
|   3|0x0000000603400000, 0x0000000603800000, 0x0000000603800000|100%| O|Cm|TAMS 0x0000000603400000| PB 0x0000000603400000| Complete 
|   4|0x0000000603800000, 0x0000000603bebfb8, 0x0000000603c00000| 98%| O|  |TAMS 0x0000000603800000| PB 0x0000000603800000| Untracked 
|   5|0x0000000603c00000, 0x0000000604000000, 0x0000000604000000|100%| O|  |TAMS 0x0000000603c00000| PB 0x0000000603c00000| Untracked 
|   6|0x0000000604000000, 0x0000000604104040, 0x0000000604400000| 25%| O|  |TAMS 0x0000000604000000| PB 0x0000000604000000| Untracked 
|   7|0x0000000604400000, 0x0000000604800000, 0x0000000604800000|100%| O|  |TAMS 0x0000000604400000| PB 0x0000000604400000| Untracked 
|   8|0x0000000604800000, 0x0000000604800000, 0x0000000604c00000|  0%| F|  |TAMS 0x0000000604800000| PB 0x0000000604800000| Untracked 
|   9|0x0000000604c00000, 0x0000000604c48978, 0x0000000605000000|  7%| S|CS|TAMS 0x0000000604c00000| PB 0x0000000604c00000| Complete 
|  10|0x0000000605000000, 0x0000000605400000, 0x0000000605400000|100%| S|CS|TAMS 0x0000000605000000| PB 0x0000000605000000| Complete 
|  11|0x0000000605400000, 0x0000000605400000, 0x0000000605800000|  0%| F|  |TAMS 0x0000000605400000| PB 0x0000000605400000| Untracked 
|  12|0x0000000605800000, 0x0000000605800000, 0x0000000605c00000|  0%| F|  |TAMS 0x0000000605800000| PB 0x0000000605800000| Untracked 
|  13|0x0000000605c00000, 0x0000000605c00000, 0x0000000606000000|  0%| F|  |TAMS 0x0000000605c00000| PB 0x0000000605c00000| Untracked 
|  14|0x0000000606000000, 0x0000000606000000, 0x0000000606400000|  0%| F|  |TAMS 0x0000000606000000| PB 0x0000000606000000| Untracked 
|  15|0x0000000606400000, 0x0000000606400000, 0x0000000606800000|  0%| F|  |TAMS 0x0000000606400000| PB 0x0000000606400000| Untracked 
|  16|0x0000000606800000, 0x0000000606800000, 0x0000000606c00000|  0%| F|  |TAMS 0x0000000606800000| PB 0x0000000606800000| Untracked 
|  17|0x0000000606c00000, 0x0000000606c00000, 0x0000000607000000|  0%| F|  |TAMS 0x0000000606c00000| PB 0x0000000606c00000| Untracked 
|  18|0x0000000607000000, 0x0000000607000000, 0x0000000607400000|  0%| F|  |TAMS 0x0000000607000000| PB 0x0000000607000000| Untracked 
|  19|0x0000000607400000, 0x0000000607400000, 0x0000000607800000|  0%| F|  |TAMS 0x0000000607400000| PB 0x0000000607400000| Untracked 
|  20|0x0000000607800000, 0x0000000607800000, 0x0000000607c00000|  0%| F|  |TAMS 0x0000000607800000| PB 0x0000000607800000| Untracked 
|  21|0x0000000607c00000, 0x0000000607c00000, 0x0000000608000000|  0%| F|  |TAMS 0x0000000607c00000| PB 0x0000000607c00000| Untracked 
|  22|0x0000000608000000, 0x0000000608000000, 0x0000000608400000|  0%| F|  |TAMS 0x0000000608000000| PB 0x0000000608000000| Untracked 
|  23|0x0000000608400000, 0x0000000608400000, 0x0000000608800000|  0%| F|  |TAMS 0x0000000608400000| PB 0x0000000608400000| Untracked 
|  24|0x0000000608800000, 0x0000000608800000, 0x0000000608c00000|  0%| F|  |TAMS 0x0000000608800000| PB 0x0000000608800000| Untracked 
|  25|0x0000000608c00000, 0x0000000608c00000, 0x0000000609000000|  0%| F|  |TAMS 0x0000000608c00000| PB 0x0000000608c00000| Untracked 
|  26|0x0000000609000000, 0x0000000609000000, 0x0000000609400000|  0%| F|  |TAMS 0x0000000609000000| PB 0x0000000609000000| Untracked 
|  27|0x0000000609400000, 0x0000000609400000, 0x0000000609800000|  0%| F|  |TAMS 0x0000000609400000| PB 0x0000000609400000| Untracked 
|  28|0x0000000609800000, 0x0000000609800000, 0x0000000609c00000|  0%| F|  |TAMS 0x0000000609800000| PB 0x0000000609800000| Untracked 
|  29|0x0000000609c00000, 0x0000000609c00000, 0x000000060a000000|  0%| F|  |TAMS 0x0000000609c00000| PB 0x0000000609c00000| Untracked 
|  30|0x000000060a000000, 0x000000060a000000, 0x000000060a400000|  0%| F|  |TAMS 0x000000060a000000| PB 0x000000060a000000| Untracked 
|  31|0x000000060a400000, 0x000000060a400000, 0x000000060a800000|  0%| F|  |TAMS 0x000000060a400000| PB 0x000000060a400000| Untracked 
|  32|0x000000060a800000, 0x000000060a800000, 0x000000060ac00000|  0%| F|  |TAMS 0x000000060a800000| PB 0x000000060a800000| Untracked 
|  33|0x000000060ac00000, 0x000000060ac00000, 0x000000060b000000|  0%| F|  |TAMS 0x000000060ac00000| PB 0x000000060ac00000| Untracked 
|  34|0x000000060b000000, 0x000000060b000000, 0x000000060b400000|  0%| F|  |TAMS 0x000000060b000000| PB 0x000000060b000000| Untracked 
|  35|0x000000060b400000, 0x000000060b400000, 0x000000060b800000|  0%| F|  |TAMS 0x000000060b400000| PB 0x000000060b400000| Untracked 
|  36|0x000000060b800000, 0x000000060b800000, 0x000000060bc00000|  0%| F|  |TAMS 0x000000060b800000| PB 0x000000060b800000| Untracked 
|  37|0x000000060bc00000, 0x000000060bc00000, 0x000000060c000000|  0%| F|  |TAMS 0x000000060bc00000| PB 0x000000060bc00000| Untracked 
|  38|0x000000060c000000, 0x000000060c000000, 0x000000060c400000|  0%| F|  |TAMS 0x000000060c000000| PB 0x000000060c000000| Untracked 
|  39|0x000000060c400000, 0x000000060c400000, 0x000000060c800000|  0%| F|  |TAMS 0x000000060c400000| PB 0x000000060c400000| Untracked 
|  40|0x000000060c800000, 0x000000060c800000, 0x000000060cc00000|  0%| F|  |TAMS 0x000000060c800000| PB 0x000000060c800000| Untracked 
|  41|0x000000060cc00000, 0x000000060cc00000, 0x000000060d000000|  0%| F|  |TAMS 0x000000060cc00000| PB 0x000000060cc00000| Untracked 
|  42|0x000000060d000000, 0x000000060d000000, 0x000000060d400000|  0%| F|  |TAMS 0x000000060d000000| PB 0x000000060d000000| Untracked 
|  43|0x000000060d400000, 0x000000060d400000, 0x000000060d800000|  0%| F|  |TAMS 0x000000060d400000| PB 0x000000060d400000| Untracked 
|  44|0x000000060d800000, 0x000000060d800000, 0x000000060dc00000|  0%| F|  |TAMS 0x000000060d800000| PB 0x000000060d800000| Untracked 
|  45|0x000000060dc00000, 0x000000060dc00000, 0x000000060e000000|  0%| F|  |TAMS 0x000000060dc00000| PB 0x000000060dc00000| Untracked 
|  46|0x000000060e000000, 0x000000060e000000, 0x000000060e400000|  0%| F|  |TAMS 0x000000060e000000| PB 0x000000060e000000| Untracked 
|  47|0x000000060e400000, 0x000000060e400000, 0x000000060e800000|  0%| F|  |TAMS 0x000000060e400000| PB 0x000000060e400000| Untracked 
|  48|0x000000060e800000, 0x000000060e800000, 0x000000060ec00000|  0%| F|  |TAMS 0x000000060e800000| PB 0x000000060e800000| Untracked 
|  49|0x000000060ec00000, 0x000000060ec00000, 0x000000060f000000|  0%| F|  |TAMS 0x000000060ec00000| PB 0x000000060ec00000| Untracked 
|  50|0x000000060f000000, 0x000000060f000000, 0x000000060f400000|  0%| F|  |TAMS 0x000000060f000000| PB 0x000000060f000000| Untracked 
|  51|0x000000060f400000, 0x000000060f400000, 0x000000060f800000|  0%| F|  |TAMS 0x000000060f400000| PB 0x000000060f400000| Untracked 
|  52|0x000000060f800000, 0x000000060f800000, 0x000000060fc00000|  0%| F|  |TAMS 0x000000060f800000| PB 0x000000060f800000| Untracked 
|  53|0x000000060fc00000, 0x000000060fc00000, 0x0000000610000000|  0%| F|  |TAMS 0x000000060fc00000| PB 0x000000060fc00000| Untracked 
|  54|0x0000000610000000, 0x0000000610000000, 0x0000000610400000|  0%| F|  |TAMS 0x0000000610000000| PB 0x0000000610000000| Untracked 
|  55|0x0000000610400000, 0x0000000610400000, 0x0000000610800000|  0%| F|  |TAMS 0x0000000610400000| PB 0x0000000610400000| Untracked 
|  56|0x0000000610800000, 0x0000000610800000, 0x0000000610c00000|  0%| F|  |TAMS 0x0000000610800000| PB 0x0000000610800000| Untracked 
|  57|0x0000000610c00000, 0x0000000610c00000, 0x0000000611000000|  0%| F|  |TAMS 0x0000000610c00000| PB 0x0000000610c00000| Untracked 
|  58|0x0000000611000000, 0x0000000611000000, 0x0000000611400000|  0%| F|  |TAMS 0x0000000611000000| PB 0x0000000611000000| Untracked 
|  59|0x0000000611400000, 0x0000000611400000, 0x0000000611800000|  0%| F|  |TAMS 0x0000000611400000| PB 0x0000000611400000| Untracked 
|  60|0x0000000611800000, 0x0000000611800000, 0x0000000611c00000|  0%| F|  |TAMS 0x0000000611800000| PB 0x0000000611800000| Untracked 
|  61|0x0000000611c00000, 0x0000000611c00000, 0x0000000612000000|  0%| F|  |TAMS 0x0000000611c00000| PB 0x0000000611c00000| Untracked 
|  62|0x0000000612000000, 0x0000000612000000, 0x0000000612400000|  0%| F|  |TAMS 0x0000000612000000| PB 0x0000000612000000| Untracked 
|  63|0x0000000612400000, 0x0000000612400000, 0x0000000612800000|  0%| F|  |TAMS 0x0000000612400000| PB 0x0000000612400000| Untracked 
|  64|0x0000000612800000, 0x0000000612800000, 0x0000000612c00000|  0%| F|  |TAMS 0x0000000612800000| PB 0x0000000612800000| Untracked 
|  65|0x0000000612c00000, 0x0000000612c00000, 0x0000000613000000|  0%| F|  |TAMS 0x0000000612c00000| PB 0x0000000612c00000| Untracked 
|  66|0x0000000613000000, 0x0000000613000000, 0x0000000613400000|  0%| F|  |TAMS 0x0000000613000000| PB 0x0000000613000000| Untracked 
|  67|0x0000000613400000, 0x0000000613400000, 0x0000000613800000|  0%| F|  |TAMS 0x0000000613400000| PB 0x0000000613400000| Untracked 
|  68|0x0000000613800000, 0x0000000613800000, 0x0000000613c00000|  0%| F|  |TAMS 0x0000000613800000| PB 0x0000000613800000| Untracked 
|  69|0x0000000613c00000, 0x0000000613c00000, 0x0000000614000000|  0%| F|  |TAMS 0x0000000613c00000| PB 0x0000000613c00000| Untracked 
| 127|0x0000000622400000, 0x0000000622400000, 0x0000000622800000|  0%| F|  |TAMS 0x0000000622400000| PB 0x0000000622400000| Untracked 

Card table byte_map: [0x00000187d7290000,0x00000187d8280000] _byte_map_base: 0x00000187d427c000

Marking Bits: (CMBitMap*) 0x00000187ca60e430
 Bits: [0x00000187d8280000, 0x00000187e01e0000)

Polling page: 0x00000187c9d10000

Metaspace:

Usage:
  Non-class:     56.72 MB used.
      Class:      9.44 MB used.
       Both:     66.16 MB used.

Virtual space:
  Non-class space:       64.00 MB reserved,      57.38 MB ( 90%) committed,  1 nodes.
      Class space:        1.00 GB reserved,       9.88 MB ( <1%) committed,  1 nodes.
             Both:        1.06 GB reserved,      67.25 MB (  6%) committed. 

Chunk freelists:
   Non-Class:  6.30 MB
       Class:  6.32 MB
        Both:  12.62 MB

MaxMetaspaceSize: unlimited
CompressedClassSpaceSize: 1.00 GB
Initial GC threshold: 21.00 MB
Current GC threshold: 112.12 MB
CDS: on
 - commit_granule_bytes: 65536.
 - commit_granule_words: 8192.
 - virtual_space_node_default_size: 8388608.
 - enlarge_chunks_in_place: 1.
 - use_allocation_guard: 0.


Internal statistics:

num_allocs_failed_limit: 9.
num_arena_births: 1212.
num_arena_deaths: 314.
num_vsnodes_births: 2.
num_vsnodes_deaths: 0.
num_space_committed: 1076.
num_space_uncommitted: 0.
num_chunks_returned_to_freelist: 379.
num_chunks_taken_from_freelist: 3782.
num_chunk_merges: 92.
num_chunk_splits: 2742.
num_chunks_enlarged: 2112.
num_inconsistent_stats: 0.

CodeCache: size=49152Kb used=17315Kb max_used=23380Kb free=31836Kb
 bounds [0x00000187d2c30000, 0x00000187d43a0000, 0x00000187d5c30000]
 total_blobs=10253 nmethods=9519 adapters=656
 compilation: enabled
              stopped_count=0, restarted_count=0
 full_count=0

Compilation events (20 events):
Event: 5059.307 Thread 0x00000187e0488940 nmethod 11456 0x00000187d3391e90 code [0x00000187d33920c0, 0x00000187d33927a0]
Event: 5059.307 Thread 0x00000187e0488940 11459       1       org.apache.catalina.connector.RequestFacade::getServerPort (12 bytes)
Event: 5059.307 Thread 0x00000187e3403ce0 nmethod 11458 0x00000187d37a8a90 code [0x00000187d37a8c60, 0x00000187d37a8e48]
Event: 5059.307 Thread 0x00000187e0488940 nmethod 11459 0x00000187d37d4190 code [0x00000187d37d4340, 0x00000187d37d44f8]
Event: 5059.307 Thread 0x00000187e3403ce0 11460       1       org.springframework.web.cors.DefaultCorsProcessor::handleInternal (300 bytes)
Event: 5059.307 Thread 0x00000187e0488940 11461       1       org.springframework.http.HttpHeaders::getOrigin (8 bytes)
Event: 5059.307 Thread 0x00000187e0488940 nmethod 11461 0x00000187d30e0190 code [0x00000187d30e0320, 0x00000187d30e0418]
Event: 5059.307 Thread 0x00000187e0488940 11462       1       org.springframework.web.cors.DefaultCorsProcessor::checkHeaders (6 bytes)
Event: 5059.307 Thread 0x00000187e0488940 nmethod 11462 0x00000187d3108790 code [0x00000187d3108920, 0x00000187d3108a18]
Event: 5059.307 Thread 0x00000187e0488940 11463       1       jakarta.servlet.http.HttpServletResponseWrapper::<init> (6 bytes)
Event: 5059.307 Thread 0x00000187e0488940 nmethod 11463 0x00000187d343dc10 code [0x00000187d343ddc0, 0x00000187d343dff0]
Event: 5059.307 Thread 0x00000187e0488940 11464       1       jakarta.servlet.ServletResponseWrapper::<init> (30 bytes)
Event: 5059.308 Thread 0x00000187e0488940 nmethod 11464 0x00000187d3618a10 code [0x00000187d3618bc0, 0x00000187d3618df0]
Event: 5059.308 Thread 0x00000187e0488940 11465       1       org.hibernate.query.sqm.tree.select.SqmQuerySpec::setSelectClause (6 bytes)
Event: 5059.308 Thread 0x00000187e0488940 nmethod 11465 0x00000187d311bc90 code [0x00000187d311be20, 0x00000187d311bf38]
Event: 5059.308 Thread 0x00000187e0488940 11466       1       org.hibernate.query.sqm.internal.SqmCriteriaNodeBuilder::isJpaQueryComplianceEnabled (5 bytes)
Event: 5059.308 Thread 0x00000187e0488940 nmethod 11466 0x00000187d311f210 code [0x00000187d311f3a0, 0x00000187d311f470]
Event: 5059.308 Thread 0x00000187e0488940 11467       1       java.lang.invoke.DelegatingMethodHandle$Holder::reinvoke_L (20 bytes)
Event: 5059.308 Thread 0x00000187e0488940 nmethod 11467 0x00000187d339fb10 code [0x00000187d339fcc0, 0x00000187d339fe20]
Event: 5059.309 Thread 0x00000187e3403ce0 nmethod 11460 0x00000187d3729a10 code [0x00000187d3729fc0, 0x00000187d372b4f0]

GC Heap History (20 events):
Event: 59.144 GC heap after
{Heap after GC invocations=22 (full 0):
 garbage-first heap   total 290816K, used 30416K [0x0000000602800000, 0x0000000800000000)
  region size 4096K, 1 young (4096K), 1 survivors (4096K)
 Metaspace       used 67103K, committed 67904K, reserved 1114112K
  class space    used 9550K, committed 9856K, reserved 1048576K
}
Event: 127.121 GC heap before
{Heap before GC invocations=23 (full 0):
 garbage-first heap   total 110592K, used 91856K [0x0000000602800000, 0x0000000800000000)
  region size 4096K, 16 young (65536K), 1 survivors (4096K)
 Metaspace       used 67262K, committed 68096K, reserved 1114112K
  class space    used 9590K, committed 9920K, reserved 1048576K
}
Event: 127.125 GC heap after
{Heap after GC invocations=24 (full 0):
 garbage-first heap   total 110592K, used 30925K [0x0000000602800000, 0x0000000800000000)
  region size 4096K, 1 young (4096K), 1 survivors (4096K)
 Metaspace       used 67262K, committed 68096K, reserved 1114112K
  class space    used 9590K, committed 9920K, reserved 1048576K
}
Event: 3558.736 GC heap before
{Heap before GC invocations=24 (full 0):
 garbage-first heap   total 110592K, used 88269K [0x0000000602800000, 0x0000000800000000)
  region size 4096K, 16 young (65536K), 1 survivors (4096K)
 Metaspace       used 67658K, committed 68544K, reserved 1114112K
  class space    used 9678K, committed 10048K, reserved 1048576K
}
Event: 3558.747 GC heap after
{Heap after GC invocations=25 (full 0):
 garbage-first heap   total 110592K, used 30906K [0x0000000602800000, 0x0000000800000000)
  region size 4096K, 2 young (8192K), 2 survivors (8192K)
 Metaspace       used 67658K, committed 68544K, reserved 1114112K
  class space    used 9678K, committed 10048K, reserved 1048576K
}
Event: 3592.660 GC heap before
{Heap before GC invocations=25 (full 0):
 garbage-first heap   total 110592K, used 84154K [0x0000000602800000, 0x0000000800000000)
  region size 4096K, 16 young (65536K), 2 survivors (8192K)
 Metaspace       used 67722K, committed 68544K, reserved 1114112K
  class space    used 9691K, committed 10048K, reserved 1048576K
}
Event: 3592.664 GC heap after
{Heap after GC invocations=26 (full 0):
 garbage-first heap   total 110592K, used 30655K [0x0000000602800000, 0x0000000800000000)
  region size 4096K, 1 young (4096K), 1 survivors (4096K)
 Metaspace       used 67722K, committed 68544K, reserved 1114112K
  class space    used 9691K, committed 10048K, reserved 1048576K
}
Event: 3790.970 GC heap before
{Heap before GC invocations=26 (full 0):
 garbage-first heap   total 110592K, used 87999K [0x0000000602800000, 0x0000000800000000)
  region size 4096K, 16 young (65536K), 1 survivors (4096K)
 Metaspace       used 67743K, committed 68608K, reserved 1114112K
  class space    used 9696K, committed 10048K, reserved 1048576K
}
Event: 3790.973 GC heap after
{Heap after GC invocations=27 (full 0):
 garbage-first heap   total 110592K, used 31033K [0x0000000602800000, 0x0000000800000000)
  region size 4096K, 2 young (8192K), 2 survivors (8192K)
 Metaspace       used 67743K, committed 68608K, reserved 1114112K
  class space    used 9696K, committed 10048K, reserved 1048576K
}
Event: 3853.704 GC heap before
{Heap before GC invocations=27 (full 0):
 garbage-first heap   total 110592K, used 59705K [0x0000000602800000, 0x0000000800000000)
  region size 4096K, 11 young (45056K), 2 survivors (8192K)
 Metaspace       used 68026K, committed 68864K, reserved 1114112K
  class space    used 9741K, committed 10112K, reserved 1048576K
}
Event: 3853.707 GC heap after
{Heap after GC invocations=28 (full 0):
 garbage-first heap   total 110592K, used 30807K [0x0000000602800000, 0x0000000800000000)
  region size 4096K, 2 young (8192K), 2 survivors (8192K)
 Metaspace       used 68026K, committed 68864K, reserved 1114112K
  class space    used 9741K, committed 10112K, reserved 1048576K
}
Event: 4205.569 GC heap before
{Heap before GC invocations=29 (full 0):
 garbage-first heap   total 110592K, used 84055K [0x0000000602800000, 0x0000000800000000)
  region size 4096K, 16 young (65536K), 2 survivors (8192K)
 Metaspace       used 67751K, committed 68864K, reserved 1114112K
  class space    used 9665K, committed 10112K, reserved 1048576K
}
Event: 4205.574 GC heap after
{Heap after GC invocations=30 (full 0):
 garbage-first heap   total 110592K, used 30844K [0x0000000602800000, 0x0000000800000000)
  region size 4096K, 2 young (8192K), 2 survivors (8192K)
 Metaspace       used 67751K, committed 68864K, reserved 1114112K
  class space    used 9665K, committed 10112K, reserved 1048576K
}
Event: 4326.174 GC heap before
{Heap before GC invocations=30 (full 0):
 garbage-first heap   total 110592K, used 84092K [0x0000000602800000, 0x0000000800000000)
  region size 4096K, 16 young (65536K), 2 survivors (8192K)
 Metaspace       used 67752K, committed 68864K, reserved 1114112K
  class space    used 9666K, committed 10112K, reserved 1048576K
}
Event: 4326.180 GC heap after
{Heap after GC invocations=31 (full 0):
 garbage-first heap   total 110592K, used 29915K [0x0000000602800000, 0x0000000800000000)
  region size 4096K, 2 young (8192K), 2 survivors (8192K)
 Metaspace       used 67752K, committed 68864K, reserved 1114112K
  class space    used 9666K, committed 10112K, reserved 1048576K
}
Event: 4576.053 GC heap before
{Heap before GC invocations=31 (full 0):
 garbage-first heap   total 110592K, used 83163K [0x0000000602800000, 0x0000000800000000)
  region size 4096K, 16 young (65536K), 2 survivors (8192K)
 Metaspace       used 67753K, committed 68864K, reserved 1114112K
  class space    used 9666K, committed 10112K, reserved 1048576K
}
Event: 4576.057 GC heap after
{Heap after GC invocations=32 (full 0):
 garbage-first heap   total 110592K, used 29821K [0x0000000602800000, 0x0000000800000000)
  region size 4096K, 2 young (8192K), 2 survivors (8192K)
 Metaspace       used 67753K, committed 68864K, reserved 1114112K
  class space    used 9666K, committed 10112K, reserved 1048576K
}
Event: 4625.824 GC heap before
{Heap before GC invocations=32 (full 0):
 garbage-first heap   total 110592K, used 83069K [0x0000000602800000, 0x0000000800000000)
  region size 4096K, 16 young (65536K), 2 survivors (8192K)
 Metaspace       used 67754K, committed 68864K, reserved 1114112K
  class space    used 9667K, committed 10112K, reserved 1048576K
}
Event: 4625.828 GC heap after
{Heap after GC invocations=33 (full 0):
 garbage-first heap   total 110592K, used 30014K [0x0000000602800000, 0x0000000800000000)
  region size 4096K, 2 young (8192K), 2 survivors (8192K)
 Metaspace       used 67754K, committed 68864K, reserved 1114112K
  class space    used 9667K, committed 10112K, reserved 1048576K
}
Event: 5059.317 GC heap before
{Heap before GC invocations=34 (full 0):
 garbage-first heap   total 110592K, used 83262K [0x0000000602800000, 0x0000000800000000)
  region size 4096K, 16 young (65536K), 2 survivors (8192K)
 Metaspace       used 67747K, committed 68864K, reserved 1114112K
  class space    used 9665K, committed 10112K, reserved 1048576K
}

Dll operation events (10 events):
Event: 0.009 Loaded shared library C:\Users\decor\.jdks\corretto-21.0.4\bin\java.dll
Event: 0.126 Loaded shared library C:\Users\decor\.jdks\corretto-21.0.4\bin\net.dll
Event: 0.128 Loaded shared library C:\Users\decor\.jdks\corretto-21.0.4\bin\nio.dll
Event: 0.132 Loaded shared library C:\Users\decor\.jdks\corretto-21.0.4\bin\zip.dll
Event: 0.218 Loaded shared library C:\Users\decor\.jdks\corretto-21.0.4\bin\jimage.dll
Event: 1.277 Loaded shared library C:\Users\decor\.jdks\corretto-21.0.4\bin\sunmscapi.dll
Event: 2.478 Loaded shared library C:\Users\decor\.jdks\corretto-21.0.4\bin\management.dll
Event: 2.483 Loaded shared library C:\Users\decor\.jdks\corretto-21.0.4\bin\management_ext.dll
Event: 3.284 Loaded shared library C:\Users\decor\.jdks\corretto-21.0.4\bin\verify.dll
Event: 5.565 Loaded shared library C:\Users\decor\.jdks\corretto-21.0.4\bin\extnet.dll

Deoptimization events (12 events):
Event: 2.063 Thread 0x00000187c82f8570 DEOPT PACKING pc=0x00000187d3519814 sp=0x0000005a554fd4d0
Event: 2.063 Thread 0x00000187c82f8570 DEOPT UNPACKING pc=0x00000187d2c84e42 sp=0x0000005a554fc988 mode 0
Event: 3.123 Thread 0x00000187e0479ac0 DEOPT PACKING pc=0x00000187d33dc724 sp=0x0000005a567ff4c0
Event: 3.123 Thread 0x00000187e0479ac0 DEOPT UNPACKING pc=0x00000187d2c84e42 sp=0x0000005a567fea08 mode 0
Event: 4.965 Thread 0x00000187c82f8570 DEOPT PACKING pc=0x00000187d36782cc sp=0x0000005a554fc6d0
Event: 4.965 Thread 0x00000187c82f8570 DEOPT UNPACKING pc=0x00000187d2c84e42 sp=0x0000005a554fbc28 mode 0
Event: 5.153 Thread 0x00000187c82f8570 DEOPT PACKING pc=0x00000187d33e0501 sp=0x0000005a554fd5f0
Event: 5.153 Thread 0x00000187c82f8570 DEOPT UNPACKING pc=0x00000187d2c84e42 sp=0x0000005a554fcaf8 mode 3
Event: 127.827 Thread 0x00000187e8ea4fa0 DEOPT PACKING pc=0x00000187d39b6724 sp=0x0000005a583fc1d0
Event: 127.827 Thread 0x00000187e8ea4fa0 DEOPT UNPACKING pc=0x00000187d2c84e42 sp=0x0000005a583fb6e0 mode 1
Event: 127.829 Thread 0x00000187e8ea4fa0 DEOPT PACKING pc=0x00000187d3a01d24 sp=0x0000005a583fc2c0
Event: 127.829 Thread 0x00000187e8ea4fa0 DEOPT UNPACKING pc=0x00000187d2c84e42 sp=0x0000005a583fb8a8 mode 1

Classes loaded (20 events):
Event: 55.972 Loading class java/util/stream/LongStream
Event: 55.972 Loading class java/util/stream/LongStream done
Event: 55.972 Loading class java/util/stream/DoubleStream
Event: 55.973 Loading class java/util/stream/DoubleStream done
Event: 55.973 Loading class sun/reflect/generics/tree/IntSignature
Event: 55.973 Loading class sun/reflect/generics/tree/IntSignature done
Event: 55.973 Loading class sun/reflect/generics/tree/DoubleSignature
Event: 55.973 Loading class sun/reflect/generics/tree/DoubleSignature done
Event: 59.118 Loading class java/util/concurrent/locks/ReentrantReadWriteLock$Sync$HoldCounter
Event: 59.118 Loading class java/util/concurrent/locks/ReentrantReadWriteLock$Sync$HoldCounter done
Event: 59.153 Loading class java/util/ArrayList$SubList$2
Event: 59.153 Loading class java/util/ArrayList$SubList$2 done
Event: 59.157 Loading class java/text/ParsePosition
Event: 59.157 Loading class java/text/ParsePosition done
Event: 59.157 Loading class java/text/CalendarBuilder
Event: 59.157 Loading class java/text/CalendarBuilder done
Event: 127.824 Loading class java/text/MessageFormat$Field
Event: 127.824 Loading class java/text/MessageFormat$Field done
Event: 3844.249 Loading class java/io/FileOutputStream$1
Event: 3844.250 Loading class java/io/FileOutputStream$1 done

Classes unloaded (20 events):
Event: 3853.736 Thread 0x00000187e0449430 Unloading class 0x000001878101b400 'java/lang/invoke/LambdaForm$MH+0x000001878101b400'
Event: 3853.736 Thread 0x00000187e0449430 Unloading class 0x000001878101ac00 'java/lang/invoke/LambdaForm$MH+0x000001878101ac00'
Event: 3853.736 Thread 0x00000187e0449430 Unloading class 0x000001878101a400 'java/lang/invoke/LambdaForm$MH+0x000001878101a400'
Event: 3853.736 Thread 0x00000187e0449430 Unloading class 0x0000018781019000 'java/lang/invoke/LambdaForm$MH+0x0000018781019000'
Event: 3853.736 Thread 0x00000187e0449430 Unloading class 0x0000018781018400 'java/lang/invoke/LambdaForm$MH+0x0000018781018400'
Event: 3853.736 Thread 0x00000187e0449430 Unloading class 0x0000018781018000 'java/lang/invoke/LambdaForm$MH+0x0000018781018000'
Event: 3853.736 Thread 0x00000187e0449430 Unloading class 0x0000018781017800 'java/lang/invoke/LambdaForm$MH+0x0000018781017800'
Event: 3853.736 Thread 0x00000187e0449430 Unloading class 0x0000018781017400 'java/lang/invoke/LambdaForm$MH+0x0000018781017400'
Event: 3853.736 Thread 0x00000187e0449430 Unloading class 0x0000018781017000 'java/lang/invoke/LambdaForm$MH+0x0000018781017000'
Event: 3853.736 Thread 0x00000187e0449430 Unloading class 0x0000018781016400 'java/lang/invoke/LambdaForm$MH+0x0000018781016400'
Event: 3853.736 Thread 0x00000187e0449430 Unloading class 0x0000018781015400 'java/lang/invoke/LambdaForm$MH+0x0000018781015400'
Event: 3853.736 Thread 0x00000187e0449430 Unloading class 0x0000018781014800 'java/lang/invoke/LambdaForm$MH+0x0000018781014800'
Event: 3853.736 Thread 0x00000187e0449430 Unloading class 0x0000018781014000 'java/lang/invoke/LambdaForm$MH+0x0000018781014000'
Event: 3853.736 Thread 0x00000187e0449430 Unloading class 0x0000018781008c00 'java/lang/invoke/LambdaForm$MH+0x0000018781008c00'
Event: 4625.856 Thread 0x00000187e0449430 Unloading class 0x0000018781089c00 'java/lang/invoke/LambdaForm$MH+0x0000018781089c00'
Event: 4625.856 Thread 0x00000187e0449430 Unloading class 0x0000018781088c00 'java/lang/invoke/LambdaForm$MH+0x0000018781088c00'
Event: 4625.856 Thread 0x00000187e0449430 Unloading class 0x0000018781088800 'java/lang/invoke/LambdaForm$MH+0x0000018781088800'
Event: 4625.856 Thread 0x00000187e0449430 Unloading class 0x0000018781088000 'java/lang/invoke/LambdaForm$MH+0x0000018781088000'
Event: 4625.856 Thread 0x00000187e0449430 Unloading class 0x0000018781081800 'java/lang/invoke/LambdaForm$MH+0x0000018781081800'
Event: 4625.856 Thread 0x00000187e0449430 Unloading class 0x000001878101a000 'java/lang/invoke/LambdaForm$MH+0x000001878101a000'

Classes redefined (0 events):
No events

Internal exceptions (20 events):
Event: 61.469 Thread 0x00000187e8ea7d90 Exception <a 'java/io/IOException'{0x0000000607facc78}> (0x0000000607facc78) 
thrown [s\src\hotspot\share\prims\jni.cpp, line 520]
Event: 61.470 Thread 0x00000187e8ea7d90 Exception <a 'java/io/IOException'{0x0000000607fafec8}> (0x0000000607fafec8) 
thrown [s\src\hotspot\share\prims\jni.cpp, line 520]
Event: 61.497 Thread 0x00000187e8eaab80 Exception <a 'java/io/IOException'{0x000000060879e500}> (0x000000060879e500) 
thrown [s\src\hotspot\share\prims\jni.cpp, line 520]
Event: 61.498 Thread 0x00000187e8eaab80 Exception <a 'java/io/IOException'{0x00000006087a1750}> (0x00000006087a1750) 
thrown [s\src\hotspot\share\prims\jni.cpp, line 520]
Event: 75.921 Thread 0x00000187e8ea97d0 Exception <a 'java/io/IOException'{0x00000006069f0b80}> (0x00000006069f0b80) 
thrown [s\src\hotspot\share\prims\jni.cpp, line 520]
Event: 75.922 Thread 0x00000187e8ea97d0 Exception <a 'java/io/IOException'{0x00000006069f3c78}> (0x00000006069f3c78) 
thrown [s\src\hotspot\share\prims\jni.cpp, line 520]
Event: 76.071 Thread 0x00000187e8ea8420 Exception <a 'java/io/IOException'{0x000000060664c3a8}> (0x000000060664c3a8) 
thrown [s\src\hotspot\share\prims\jni.cpp, line 520]
Event: 76.072 Thread 0x00000187e8ea8420 Exception <a 'java/io/IOException'{0x000000060664f3f0}> (0x000000060664f3f0) 
thrown [s\src\hotspot\share\prims\jni.cpp, line 520]
Event: 3578.139 Thread 0x00000187e8eab210 Exception <a 'java/lang/IncompatibleClassChangeError'{0x00000006079c00e0}: Found class java.lang.Object, but interface was expected> (0x00000006079c00e0) 
thrown [s\src\hotspot\share\interpreter\linkResolver.cpp, line 840]
Event: 3791.065 Thread 0x00000187e8ea8420 Exception <a 'java/net/SocketException'{0x0000000613e24d88}: Connection reset by peer: shutdown> (0x0000000613e24d88) 
thrown [s\src\hotspot\share\prims\jni.cpp, line 539]
Event: 3844.273 Thread 0x00000187e8ea4fa0 Exception <a 'java/lang/NoSuchMethodError'{0x0000000607ac9460}: 'java.lang.Object java.lang.invoke.DirectMethodHandle$Holder.invokeVirtual(java.lang.Object, java.lang.Object, java.lang.Object, java.lang.Object, java.lang.Object, java.lang.Object, java.lang.Object, java.lang.Object, java.lang.Object)'> (0x0000000607ac9460) 
thrown [s\src\hotspot\share\interpreter\linkResolver.cpp, line 773]
Event: 4353.723 Thread 0x00000187e8eaab80 Exception <a 'java/io/IOException'{0x0000000607d44d18}> (0x0000000607d44d18) 
thrown [s\src\hotspot\share\prims\jni.cpp, line 520]
Event: 4353.724 Thread 0x00000187e8eaab80 Exception <a 'java/io/IOException'{0x0000000607d48148}> (0x0000000607d48148) 
thrown [s\src\hotspot\share\prims\jni.cpp, line 520]
Event: 4575.883 Thread 0x00000187e8ea8ab0 Exception <a 'java/io/IOException'{0x00000006065720e0}> (0x00000006065720e0) 
thrown [s\src\hotspot\share\prims\jni.cpp, line 520]
Event: 4580.086 Thread 0x00000187e8ea4fa0 Exception <a 'java/io/IOException'{0x0000000622622188}> (0x0000000622622188) 
thrown [s\src\hotspot\share\prims\jni.cpp, line 520]
Event: 4580.087 Thread 0x00000187e8ea4fa0 Exception <a 'java/io/IOException'{0x00000006226253d8}> (0x00000006226253d8) 
thrown [s\src\hotspot\share\prims\jni.cpp, line 520]
Event: 4618.141 Thread 0x00000187e8eab210 Exception <a 'java/io/IOException'{0x0000000606ea3820}> (0x0000000606ea3820) 
thrown [s\src\hotspot\share\prims\jni.cpp, line 520]
Event: 4625.832 Thread 0x00000187e8ea4fa0 Exception <a 'java/io/IOException'{0x0000000622405f80}> (0x0000000622405f80) 
thrown [s\src\hotspot\share\prims\jni.cpp, line 520]
Event: 4625.833 Thread 0x00000187e8ea4fa0 Exception <a 'java/io/IOException'{0x0000000622408fe8}> (0x0000000622408fe8) 
thrown [s\src\hotspot\share\prims\jni.cpp, line 520]
Event: 4627.689 Thread 0x00000187e8ea5630 Exception <a 'java/net/SocketException'{0x0000000613fcfc38}: Connection reset by peer: shutdown> (0x0000000613fcfc38) 
thrown [s\src\hotspot\share\prims\jni.cpp, line 539]

ZGC Phase Switch (0 events):
No events

VM Operations (20 events):
Event: 4625.883 Executing VM operation: G1PauseCleanup done
Event: 4629.916 Executing VM operation: HandshakeAllThreads (HandshakeForDeflation)
Event: 4629.917 Executing VM operation: HandshakeAllThreads (HandshakeForDeflation) done
Event: 4629.917 Executing VM operation: RendezvousGCThreads
Event: 4629.917 Executing VM operation: RendezvousGCThreads done
Event: 4650.926 Executing VM operation: Cleanup
Event: 4650.926 Executing VM operation: Cleanup done
Event: 4654.929 Executing VM operation: Cleanup
Event: 4654.929 Executing VM operation: Cleanup done
Event: 4663.933 Executing VM operation: Cleanup
Event: 4663.933 Executing VM operation: Cleanup done
Event: 4690.037 Executing VM operation: HandshakeAllThreads (HandshakeForDeflation)
Event: 4690.037 Executing VM operation: HandshakeAllThreads (HandshakeForDeflation) done
Event: 4690.037 Executing VM operation: RendezvousGCThreads
Event: 4690.037 Executing VM operation: RendezvousGCThreads done
Event: 4750.165 Executing VM operation: HandshakeAllThreads (HandshakeForDeflation)
Event: 4750.165 Executing VM operation: HandshakeAllThreads (HandshakeForDeflation) done
Event: 4750.165 Executing VM operation: RendezvousGCThreads
Event: 4750.165 Executing VM operation: RendezvousGCThreads done
Event: 5059.317 Executing VM operation: G1CollectForAllocation (G1 Evacuation Pause)

Memory protections (0 events):
No events

Nmethod flushes (20 events):
Event: 4625.867 Thread 0x00000187e0449430 flushing  nmethod 0x00000187d371a610
Event: 4625.867 Thread 0x00000187e0449430 flushing  nmethod 0x00000187d371a910
Event: 4625.867 Thread 0x00000187e0449430 flushing  nmethod 0x00000187d371ac10
Event: 4625.867 Thread 0x00000187e0449430 flushing  nmethod 0x00000187d371b010
Event: 4625.867 Thread 0x00000187e0449430 flushing  nmethod 0x00000187d371b310
Event: 4625.867 Thread 0x00000187e0449430 flushing  nmethod 0x00000187d371b610
Event: 4625.867 Thread 0x00000187e0449430 flushing  nmethod 0x00000187d371b910
Event: 4625.867 Thread 0x00000187e0449430 flushing  nmethod 0x00000187d371bc90
Event: 4625.867 Thread 0x00000187e0449430 flushing  nmethod 0x00000187d371c010
Event: 4625.867 Thread 0x00000187e0449430 flushing  nmethod 0x00000187d371c490
Event: 4625.867 Thread 0x00000187e0449430 flushing  nmethod 0x00000187d3761c90
Event: 4625.867 Thread 0x00000187e0449430 flushing  nmethod 0x00000187d37c0190
Event: 4625.867 Thread 0x00000187e0449430 flushing  nmethod 0x00000187d37c1410
Event: 4625.867 Thread 0x00000187e0449430 flushing  nmethod 0x00000187d37c2510
Event: 4625.867 Thread 0x00000187e0449430 flushing  nmethod 0x00000187d37c6610
Event: 4625.867 Thread 0x00000187e0449430 flushing  nmethod 0x00000187d37c9210
Event: 4625.867 Thread 0x00000187e0449430 flushing  nmethod 0x00000187d37c9b10
Event: 4625.867 Thread 0x00000187e0449430 flushing  nmethod 0x00000187d39a5a90
Event: 4625.867 Thread 0x00000187e0449430 flushing  nmethod 0x00000187d3a38e10
Event: 4625.867 Thread 0x00000187e0449430 flushing  nmethod 0x00000187d3a47a90

Events (20 events):
Event: 4608.280 Thread 0x00000187e33391d0 Thread exited: 0x00000187e33391d0
Event: 4618.142 Thread 0x00000187e0488940 Thread added: 0x00000187e33391d0
Event: 4618.236 Thread 0x00000187e0488940 Thread added: 0x00000187eaad1ff0
Event: 4618.236 Thread 0x00000187e0488940 Thread added: 0x00000187eaad26a0
Event: 4623.293 Thread 0x00000187eaad26a0 Thread exited: 0x00000187eaad26a0
Event: 4623.293 Thread 0x00000187eaad1ff0 Thread exited: 0x00000187eaad1ff0
Event: 4623.293 Thread 0x00000187e33391d0 Thread exited: 0x00000187e33391d0
Event: 4625.793 Thread 0x00000187e0488940 Thread added: 0x00000187e33391d0
Event: 4625.793 Thread 0x00000187e0488940 Thread added: 0x00000187eaad1ff0
Event: 4632.690 Thread 0x00000187eaad1ff0 Thread exited: 0x00000187eaad1ff0
Event: 4632.690 Thread 0x00000187e33391d0 Thread exited: 0x00000187e33391d0
Event: 4650.713 Thread 0x00000187e0488940 Thread added: 0x00000187e3403ce0
Event: 4654.556 Thread 0x00000187e3403ce0 Thread exited: 0x00000187e3403ce0
Event: 4680.639 Thread 0x00000187e0488940 Thread added: 0x00000187e3403ce0
Event: 4680.639 Thread 0x00000187e0488940 Thread added: 0x00000187e3404390
Event: 4680.639 Thread 0x00000187e0488940 Thread added: 0x00000187e3404a40
Event: 4685.665 Thread 0x00000187e3404390 Thread exited: 0x00000187e3404390
Event: 4685.665 Thread 0x00000187e3404a40 Thread exited: 0x00000187e3404a40
Event: 4690.666 Thread 0x00000187e3403ce0 Thread exited: 0x00000187e3403ce0
Event: 5059.290 Thread 0x00000187e0488940 Thread added: 0x00000187e3403ce0


Dynamic libraries:
0x00007ff62e830000 - 0x00007ff62e83e000 	C:\Users\decor\.jdks\corretto-21.0.4\bin\java.exe
0x00007fff74110000 - 0x00007fff74327000 	C:\WINDOWS\SYSTEM32\ntdll.dll
0x00007fff72070000 - 0x00007fff72134000 	C:\WINDOWS\System32\KERNEL32.DLL
0x00007fff717f0000 - 0x00007fff71ba9000 	C:\WINDOWS\System32\KERNELBASE.dll
0x00007fff71ce0000 - 0x00007fff71df1000 	C:\WINDOWS\System32\ucrtbase.dll
0x00007fff08c90000 - 0x00007fff08ca8000 	C:\Users\decor\.jdks\corretto-21.0.4\bin\jli.dll
0x00007fff12680000 - 0x00007fff1269b000 	C:\Users\decor\.jdks\corretto-21.0.4\bin\VCRUNTIME140.dll
0x00007fff72660000 - 0x00007fff7280e000 	C:\WINDOWS\System32\USER32.dll
0x00007fff71e00000 - 0x00007fff71e26000 	C:\WINDOWS\System32\win32u.dll
0x00007fff71fb0000 - 0x00007fff71fd9000 	C:\WINDOWS\System32\GDI32.dll
0x00007fff5c680000 - 0x00007fff5c912000 	C:\WINDOWS\WinSxS\amd64_microsoft.windows.common-controls_6595b64144ccf1df_6.0.22621.4391_none_2715d37f73803e96\COMCTL32.dll
0x00007fff71490000 - 0x00007fff715ab000 	C:\WINDOWS\System32\gdi32full.dll
0x00007fff730c0000 - 0x00007fff73167000 	C:\WINDOWS\System32\msvcrt.dll
0x00007fff71750000 - 0x00007fff717ea000 	C:\WINDOWS\System32\msvcp_win.dll
0x00007fff71e30000 - 0x00007fff71e61000 	C:\WINDOWS\System32\IMM32.DLL
0x00007fff59aa0000 - 0x00007fff59aac000 	C:\Users\decor\.jdks\corretto-21.0.4\bin\vcruntime140_1.dll
0x00007ffefdbf0000 - 0x00007ffefdc7d000 	C:\Users\decor\.jdks\corretto-21.0.4\bin\msvcp140.dll
0x00007ffea40d0000 - 0x00007ffea4e66000 	C:\Users\decor\.jdks\corretto-21.0.4\bin\server\jvm.dll
0x00007fff72140000 - 0x00007fff721f2000 	C:\WINDOWS\System32\ADVAPI32.dll
0x00007fff729e0000 - 0x00007fff72a87000 	C:\WINDOWS\System32\sechost.dll
0x00007fff715b0000 - 0x00007fff715d8000 	C:\WINDOWS\System32\bcrypt.dll
0x00007fff73350000 - 0x00007fff73464000 	C:\WINDOWS\System32\RPCRT4.dll
0x00007fff72830000 - 0x00007fff728a1000 	C:\WINDOWS\System32\WS2_32.dll
0x00007fff70260000 - 0x00007fff702ad000 	C:\WINDOWS\SYSTEM32\POWRPROF.dll
0x00007fff69a00000 - 0x00007fff69a34000 	C:\WINDOWS\SYSTEM32\WINMM.dll
0x00007fff680d0000 - 0x00007fff680da000 	C:\WINDOWS\SYSTEM32\VERSION.dll
0x00007fff70240000 - 0x00007fff70253000 	C:\WINDOWS\SYSTEM32\UMPDC.dll
0x00007fff70500000 - 0x00007fff70518000 	C:\WINDOWS\SYSTEM32\kernel.appcore.dll
0x00007fff58b40000 - 0x00007fff58b4a000 	C:\Users\decor\.jdks\corretto-21.0.4\bin\jimage.dll
0x00007fff6ecd0000 - 0x00007fff6ef02000 	C:\WINDOWS\SYSTEM32\DBGHELP.DLL
0x00007fff72220000 - 0x00007fff725af000 	C:\WINDOWS\System32\combase.dll
0x00007fff71e70000 - 0x00007fff71f47000 	C:\WINDOWS\System32\OLEAUT32.dll
0x00007fff57210000 - 0x00007fff57242000 	C:\WINDOWS\SYSTEM32\dbgcore.DLL
0x00007fff71410000 - 0x00007fff7148b000 	C:\WINDOWS\System32\bcryptPrimitives.dll
0x00007fff075d0000 - 0x00007fff075ef000 	C:\Users\decor\.jdks\corretto-21.0.4\bin\java.dll
0x00007fff73850000 - 0x00007fff740c6000 	C:\WINDOWS\System32\SHELL32.dll
0x00007fff6f310000 - 0x00007fff6fc13000 	C:\WINDOWS\SYSTEM32\windows.storage.dll
0x00007fff6f1d0000 - 0x00007fff6f30f000 	C:\WINDOWS\SYSTEM32\wintypes.dll
0x00007fff728c0000 - 0x00007fff729b9000 	C:\WINDOWS\System32\SHCORE.dll
0x00007fff73620000 - 0x00007fff7367e000 	C:\WINDOWS\System32\shlwapi.dll
0x00007fff71340000 - 0x00007fff7136b000 	C:\WINDOWS\SYSTEM32\profapi.dll
0x00007fff58820000 - 0x00007fff58830000 	C:\Users\decor\.jdks\corretto-21.0.4\bin\net.dll
0x00007fff6c500000 - 0x00007fff6c636000 	C:\WINDOWS\SYSTEM32\WINHTTP.dll
0x00007fff70980000 - 0x00007fff709e9000 	C:\WINDOWS\system32\mswsock.dll
0x00007fff07170000 - 0x00007fff07186000 	C:\Users\decor\.jdks\corretto-21.0.4\bin\nio.dll
0x00007fff07360000 - 0x00007fff07378000 	C:\Users\decor\.jdks\corretto-21.0.4\bin\zip.dll
0x00007fff564b0000 - 0x00007fff564be000 	C:\Users\decor\.jdks\corretto-21.0.4\bin\sunmscapi.dll
0x00007fff715e0000 - 0x00007fff71746000 	C:\WINDOWS\System32\CRYPT32.dll
0x00007fff70db0000 - 0x00007fff70ddd000 	C:\WINDOWS\SYSTEM32\ncrypt.dll
0x00007fff70d70000 - 0x00007fff70da7000 	C:\WINDOWS\SYSTEM32\NTASN1.dll
0x00007fff70ba0000 - 0x00007fff70bbb000 	C:\WINDOWS\SYSTEM32\CRYPTSP.dll
0x00007fff70460000 - 0x00007fff70495000 	C:\WINDOWS\system32\rsaenh.dll
0x00007fff70a20000 - 0x00007fff70a48000 	C:\WINDOWS\SYSTEM32\USERENV.dll
0x00007fff70bc0000 - 0x00007fff70bcc000 	C:\WINDOWS\SYSTEM32\CRYPTBASE.dll
0x00007fff6fef0000 - 0x00007fff6ff1d000 	C:\WINDOWS\SYSTEM32\IPHLPAPI.DLL
0x00007fff729d0000 - 0x00007fff729d9000 	C:\WINDOWS\System32\NSI.dll
0x00007fff554c0000 - 0x00007fff554c9000 	C:\Users\decor\.jdks\corretto-21.0.4\bin\management.dll
0x00007fff55490000 - 0x00007fff5549b000 	C:\Users\decor\.jdks\corretto-21.0.4\bin\management_ext.dll
0x00007fff728b0000 - 0x00007fff728b8000 	C:\WINDOWS\System32\PSAPI.DLL
0x00007fff57290000 - 0x00007fff572a0000 	C:\Users\decor\.jdks\corretto-21.0.4\bin\verify.dll
0x00007fff57f70000 - 0x00007fff57f79000 	C:\Users\decor\.jdks\corretto-21.0.4\bin\extnet.dll
0x00007ffeb8120000 - 0x00007ffeb8128000 	C:\WINDOWS\system32\wshunix.dll

dbghelp: loaded successfully - version: 4.0.5 - missing functions: none
symbol engine: initialized successfully - sym options: 0x614 - pdb path: .;C:\Users\decor\.jdks\corretto-21.0.4\bin;C:\WINDOWS\SYSTEM32;C:\WINDOWS\WinSxS\amd64_microsoft.windows.common-controls_6595b64144ccf1df_6.0.22621.4391_none_2715d37f73803e96;C:\Users\decor\.jdks\corretto-21.0.4\bin\server

VM Arguments:
jvm_args: -XX:TieredStopAtLevel=1 
java_command: com.tecnocampus.LS2.protube_back.ProtubeBackApplication
java_class_path (initial): C:\Users\decor\Documents\LS2-Protube-IDrinkBleach\backend\target\classes;C:\Users\decor\.m2\repository\org\springframework\boot\spring-boot\3.3.3\spring-boot-3.3.3.jar;C:\Users\decor\.m2\repository\org\springframework\spring-context\6.1.12\spring-context-6.1.12.jar;C:\Users\decor\.m2\repository\org\springframework\boot\spring-boot-autoconfigure\3.3.3\spring-boot-autoconfigure-3.3.3.jar;C:\Users\decor\.m2\repository\ch\qos\logback\logback-classic\1.5.7\logback-classic-1.5.7.jar;C:\Users\decor\.m2\repository\ch\qos\logback\logback-core\1.5.7\logback-core-1.5.7.jar;C:\Users\decor\.m2\repository\org\apache\logging\log4j\log4j-to-slf4j\2.23.1\log4j-to-slf4j-2.23.1.jar;C:\Users\decor\.m2\repository\org\apache\logging\log4j\log4j-api\2.23.1\log4j-api-2.23.1.jar;C:\Users\decor\.m2\repository\org\slf4j\jul-to-slf4j\2.0.16\jul-to-slf4j-2.0.16.jar;C:\Users\decor\.m2\repository\jakarta\annotation\jakarta.annotation-api\2.1.1\jakarta.annotation-api-2.1.1.jar;C:\Users\decor\.m2\repository\org\springframework\spring-core\6.1.12\spring-core-6.1.12.jar;C:\Users\decor\.m2\repository\org\springframework\spring-jcl\6.1.12\spring-jcl-6.1.12.jar;C:\Users\decor\.m2\repository\org\yaml\snakeyaml\2.2\snakeyaml-2.2.jar;C:\Users\decor\.m2\repository\com\fasterxml\jackson\datatype\jackson-datatype-jdk8\2.17.2\jackson-datatype-jdk8-2.17.2.jar;C:\Users\decor\.m2\repository\com\fasterxml\jackson\datatype\jackson-datatype-jsr310\2.17.2\jackson-datatype-jsr310-2.17.2.jar;C:\Users\decor\.m2\repository\com\fasterxml\jackson\module\jackson-module-parameter-names\2.17.2\jackson-module-parameter-names-2.17.2.jar;C:\Users\decor\.m2\repository\org\apache\tomcat\embed\tomcat-embed-core\10.1.28\tomcat-embed-core-10.1.28.jar;C:\Users\decor\.m2\repository\org\apache\tomcat\embed\tomcat-embed-el\10.1.28\tomcat-embed-el-10.1.28.jar;C:\Users\decor\.m2\repository\org\apache\tomcat\embed\tomcat-embed-websocket\10.1.28\tomcat-embed-websocket-10.1.28.jar;C:\Users\decor\.m2\repository\org\springframework\spring-web\6.1.12\spring-web-6.1.12.jar;C:\Users\decor\.m2\repository\org\springframework\spring-beans\6.1.12\spring-beans-6.1.12.jar;C:\Users\decor\.m2\repository\io\micrometer\micrometer-observation\1.13.3\micrometer-observation-1.13.3.jar;C:\Users\decor\.m2\repository\io\micrometer\micrometer-commons\1.13.3\micrometer-commons-1.13.3.jar;C:\Users\decor\.m2\repository\org\springframework\spring-webmvc\6.1.12\spring-webmvc-6.1.12.jar;C:\Users\decor\.m2\repository\org\springframework\spring-aop\6.1.12\spring-aop-6.1.12.jar;C:\Users\decor\.m2\repository\org\springframework\spring-expression\6.1.12\spring-expression-6.1.12.jar;C:\Users\decor\.m2\repository\org\aspectj\aspectjweaver\1.9.22.1\aspectjweaver-1.9.22.1.jar;C:\Users\decor\.m2\repository\com\zaxxer\HikariCP\5.1.0\HikariCP-5.1.0.jar;C:\Users\decor\.m2\repository\org\springframework\spring-jdbc\6.1.12\spring-jdbc-6.1.12.jar;C:\Users\decor\.m2\repository\org\hibernate\orm\hibernate-core\6.5.2.Final\hibernate-core-6.5.2.Final.jar;C:\Users\decor\.m2\repository\jakarta\persistence\jakarta.persistence-api\3.1.0\jakarta.persistence-api-3.1.0.jar;C:\Users\decor\.m2\repository\jakarta\transaction\jakarta.transaction-api\2.0.1\jakarta.transaction-api-2.0.1.jar;C:\Users\decor\.m2\repository\org\jboss\logging\jboss-logging\3.5.3.Final\jboss-logging-3.5.3.Final.jar;C:\Users\decor\.m2\repository\org\hibernate\common\hibernate-commons-annotations\6.0.6.Final\hibernate-commons-annotations-6.0.6.Final.jar;C:\Users\decor\.m2\repository\io\smallrye\jandex\3.1.2\jandex-3.1.2.jar;C:\Users\decor\.m2\repository\com\fasterxml\classmate\1.7.0\classmate-1.7.0.jar;C:\Users\decor\.m2\repository\org\glassfish\jaxb\jaxb-runtime\4.0.5\jaxb-runtime-4.0.5.jar;C:\Users\decor\.m2\repository\org\glassfish\jaxb\jaxb-core\4.0.5\jaxb-core-4.0.5.jar;C:\Users\decor\.m2\repository\org\eclipse\angus\angus-activation\2.0.2\angus-activation-2.0.2.jar;C:\Users\decor\.m2\repository\org\glassfish\jaxb\txw2\4.0.5\txw2-4.0.5.jar;C:\Users\decor\.m2\repository\com\sun\istack\istack-commons-runtime\4.1.2\istack-commons-runtime-4.1.2.jar;C:\Users\decor\.m2\repository\jakarta\inject\jakarta.inject-api\2.0.1\jakarta.inject-api-2.0.1.jar;C:\Users\decor\.m2\repository\org\antlr\antlr4-runtime\4.13.0\antlr4-runtime-4.13.0.jar;C:\Users\decor\.m2\repository\org\springframework\data\spring-data-jpa\3.3.3\spring-data-jpa-3.3.3.jar;C:\Users\decor\.m2\repository\org\springframework\data\spring-data-commons\3.3.3\spring-data-commons-3.3.3.jar;C:\Users\decor\.m2\repository\org\springframework\spring-orm\6.1.12\spring-orm-6.1.12.jar;C:\Users\decor\.m2\repository\org\springframework\spring-tx\6.1.12\spring-tx-6.1.12.jar;C:\Users\decor\.m2\repository\org\slf4j\slf4j-api\2.0.16\slf4j-api-2.0.16.jar;C:\Users\decor\.m2\repository\org\springframework\spring-aspects\6.1.12\spring-aspects-6.1.12.jar;C:\Users\decor\.m2\repository\org\thymeleaf\thymeleaf-spring6\3.1.2.RELEASE\thymeleaf-spring6-3.1.2.RELEASE.jar;C:\Users\decor\.m2\repository\org\thymeleaf\thymeleaf\3.1.2.RELEASE\thymeleaf-3.1.2.RELEASE.jar;C:\Users\decor\.m2\repository\org\attoparser\attoparser\2.0.7.RELEASE\attoparser-2.0.7.RELEASE.jar;C:\Users\decor\.m2\repository\org\unbescape\unbescape\1.1.6.RELEASE\unbescape-1.1.6.RELEASE.jar;C:\Users\decor\.m2\repository\com\fasterxml\jackson\core\jackson-databind\2.17.2\jackson-databind-2.17.2.jar;C:\Users\decor\.m2\repository\com\fasterxml\jackson\core\jackson-annotations\2.17.2\jackson-annotations-2.17.2.jar;C:\Users\decor\.m2\repository\com\fasterxml\jackson\core\jackson-core\2.17.2\jackson-core-2.17.2.jar;C:\Users\decor\.m2\repository\org\jacoco\jacoco-maven-plugin\0.8.12\jacoco-maven-plugin-0.8.12.jar;C:\Users\decor\.m2\repository\org\codehaus\plexus\plexus-utils\3.0.24\plexus-utils-3.0.24.jar;C:\Users\decor\.m2\repository\org\apache\maven\shared\file-management\3.1.0\file-management-3.1.0.jar;C:\Users\decor\.m2\repository\commons-io\commons-io\2.11.0\commons-io-2.11.0.jar;C:\Users\decor\.m2\repository\org\apache\maven\reporting\maven-reporting-api\3.0\maven-reporting-api-3.0.jar;C:\Users\decor\.m2\repository\org\apache\maven\doxia\doxia-sink-api\1.0\doxia-sink-api-1.0.jar;C:\Users\decor\.m2\repository\org\jacoco\org.jacoco.agent\0.8.12\org.jacoco.agent-0.8.12-runtime.jar;C:\Users\decor\.m2\repository\org\jacoco\org.jacoco.core\0.8.12\org.jacoco.core-0.8.12.jar;C:\Users\decor\.m2\repository\org\ow2\asm\asm\9.7\asm-9.7.jar;C:\Users\decor\.m2\repository\org\ow2\asm\asm-commons\9.7\asm-commons-9.7.jar;C:\Users\decor\.m2\repository\org\ow2\asm\asm-tree\9.7\asm-tree-9.7.jar;C:\Users\decor\.m2\repository\org\jacoco\org.jacoco.report\0.8.12\org.jacoco.report-0.8.12.jar;C:\Users\decor\.m2\repository\com\h2database\h2\2.2.224\h2-2.2.224.jar;C:\Users\decor\.m2\repository\org\postgresql\postgresql\42.7.2\postgresql-42.7.2.jar;C:\Users\decor\.m2\repository\org\checkerframework\checker-qual\3.42.0\checker-qual-3.42.0.jar;C:\Users\decor\.m2\repository\org\springframework\boot\spring-boot-test\3.3.3\spring-boot-test-3.3.3.jar;C:\Users\decor\.m2\repository\jakarta\xml\bind\jakarta.xml.bind-api\4.0.2\jakarta.xml.bind-api-4.0.2.jar;C:\Users\decor\.m2\repository\jakarta\activation\jakarta.activation-api\2.1.3\jakarta.activation-api-2.1.3.jar;C:\Users\decor\.m2\repository\org\apiguardian\apiguardian-api\1.1.0\apiguardian-api-1.1.0.jar;C:\Users\decor\.m2\repository\org\mockito\mockito-core\5.11.0\mockito-core-5.11.0.jar;C:\Users\decor\.m2\repository\net\bytebuddy\byte-buddy\1.14.19\byte-buddy-1.14.19.jar;C:\Users\decor\.m2\repository\net\bytebuddy\byte-buddy-agent\1.14.19\byte-buddy-agent-1.14.19.jar;C:\Users\decor\.m2\repository\org\objenesis\objenesis\3.3\objenesis-3.3.jar;C:\Users\decor\.m2\repository\org\junit\jupiter\junit-jupiter-api\5.10.3\junit-jupiter-api-5.10.3.jar;C:\Users\decor\.m2\repository\org\opentest4j\opentest4j\1.3.0\opentest4j-1.3.0.jar;C:\Users\decor\.m2\repository\org\junit\platform\junit-platform-commons\1.10.3\junit-platform-commons-1.10.3.jar;C:\Users\decor\.m2\repository\org\springframework\spring-test\6.1.12\spring-test-6.1.12.jar;C:\Users\decor\.m2\repository\org\springframework\boot\spring-boot-test-autoconfigure\3.3.3\spring-boot-test-autoconfigure-3.3.3.jar
Launcher Type: SUN_STANDARD

[Global flags]
     intx CICompilerCount                          = 12                                        {product} {ergonomic}
     uint ConcGCThreads                            = 3                                         {product} {ergonomic}
     uint G1ConcRefinementThreads                  = 13                                        {product} {ergonomic}
   size_t G1HeapRegionSize                         = 4194304                                   {product} {ergonomic}
    uintx GCDrainStackTargetSize                   = 64                                        {product} {ergonomic}
   size_t InitialHeapSize                          = 536870912                                 {product} {ergonomic}
   size_t MarkStackSize                            = 4194304                                   {product} {ergonomic}
   size_t MaxHeapSize                              = 8547991552                                {product} {ergonomic}
   size_t MaxNewSize                               = 5125439488                                {product} {ergonomic}
   size_t MinHeapDeltaBytes                        = 4194304                                   {product} {ergonomic}
   size_t MinHeapSize                              = 8388608                                   {product} {ergonomic}
    uintx NonNMethodCodeHeapSize                   = 4096                                   {pd product} {ergonomic}
    uintx NonProfiledCodeHeapSize                  = 0                                      {pd product} {ergonomic}
     bool ProfileInterpreter                       = false                                  {pd product} {command line}
    uintx ProfiledCodeHeapSize                     = 0                                      {pd product} {ergonomic}
   size_t SoftMaxHeapSize                          = 8547991552                             {manageable} {ergonomic}
     intx TieredStopAtLevel                        = 1                                         {product} {command line}
     bool UseCompressedOops                        = true                           {product lp64_product} {ergonomic}
     bool UseG1GC                                  = true                                      {product} {ergonomic}
     bool UseLargePagesIndividualAllocation        = false                                  {pd product} {ergonomic}

Logging:
Log output configuration:
 #0: stdout all=warning uptime,level,tags foldmultilines=false
 #1: stderr all=off uptime,level,tags foldmultilines=false

Environment Variables:
PATH=C:\Python312\Scripts\;C:\Python312\;C:\Program Files\Common Files\Oracle\Java\javapath;C:\Program Files (x86)\Common Files\Oracle\Java\javapath;C:\ProgramData\Oracle\Java\javapath;C:\Windows\system32;C:\Windows;C:\Windows\System32\Wbem;C:\Windows\System32\WindowsPowerShell\v1.0\;C:\Windows\System32\OpenSSH\;C:\Program Files (x86)\NVIDIA Corporation\PhysX\Common;C:\Program Files\NVIDIA Corporation\NVIDIA NvDLISR;C:\WINDOWS\system32;C:\WINDOWS;C:\WINDOWS\System32\Wbem;C:\WINDOWS\System32\WindowsPowerShell\v1.0\;C:\WINDOWS\System32\OpenSSH\;C:\Program Files\Git\cmd;C:\Program Files\MySQL\MySQL Utilities 1.6\;C:\Program Files\dotnet\;C:\Program Files\Docker\Docker\resources\bin;C:\Program Files\nodejs\;C:\ProgramData\chocolatey\bin;C:\Program Files\Common Files\Autodesk Shared\;C:\Program Files\PowerShell\7\;C:\Program Files\PowerShell\7-preview\preview;C:\Users\decor\AppData\Local\Microsoft\WindowsApps;C:\Users\decor\AppData\Local\GitHubDesktop\bin;C:\Users\decor\AppData\Roaming\npm
USERNAME=decor
OS=Windows_NT
PROCESSOR_IDENTIFIER=Intel64 Family 6 Model 165 Stepping 2, GenuineIntel
TMP=C:\Users\decor\AppData\Local\Temp
TEMP=C:\Users\decor\AppData\Local\Temp




Periodic native trim disabled

---------------  S Y S T E M  ---------------

OS:
 Windows 11 , 64 bit Build 22621 (10.0.22621.4391)
OS uptime: 20 days 11:53 hours
Hyper-V role detected

CPU: total 16 (initial active 16) (8 cores per cpu, 2 threads per core) family 6 model 165 stepping 2 microcode 0xe0, cx8, cmov, fxsr, ht, mmx, 3dnowpref, sse, sse2, sse3, ssse3, sse4.1, sse4.2, popcnt, lzcnt, tsc, tscinvbit, avx, avx2, aes, erms, clmul, bmi1, bmi2, adx, fma, vzeroupper, clflush, clflushopt, hv, rdtscp, f16c
Processor Information for all 16 processors :
  Max Mhz: 2208, Current Mhz: 2208, Mhz Limit: 2208

Memory: 4k page, system-wide physical 32603M (11201M free)
TotalPageFile size 90961M (AvailPageFile size 32M)
current process WorkingSet (physical memory assigned to process): 248M, peak: 270M
current process commit charge ("private bytes"): 512M, peak: 635M

vm_info: OpenJDK 64-Bit Server VM (21.0.4+7-LTS) for windows-amd64 JRE (21.0.4+7-LTS), built on 2024-07-10T17:34:29Z by "Administrator" with MS VC++ 16.10 / 16.11 (VS2019)

END.
